2018-06-19 14:57:21.861 [main] INFO  com.inellipse.biumatrix.Application - Starting Application on inellipse22 with PID 25200 (/home/stefan/Projects/biu-matrix-backend/target/classes started by stefan in /home/stefan/Projects/biu-matrix-backend)
2018-06-19 14:57:21.864 [main] INFO  com.inellipse.biumatrix.Application - The following profiles are active: dev
2018-06-19 14:57:21.968 [main] INFO  o.s.b.c.e.AnnotationConfigEmbeddedWebApplicationContext - Refreshing org.springframework.boot.context.embedded.AnnotationConfigEmbeddedWebApplicationContext@2ca923bb: startup date [Tue Jun 19 14:57:21 CEST 2018]; root of context hierarchy
2018-06-19 14:57:22.373 [background-preinit] INFO  o.h.validator.internal.util.Version - HV000001: Hibernate Validator 5.3.6.Final
2018-06-19 14:57:22.976 [main] INFO  o.s.b.f.s.DefaultListableBeanFactory - Overriding bean definition for bean 'tokenStore' with a different definition: replacing [Root bean: class [null]; scope=; abstract=false; lazyInit=false; autowireMode=3; dependencyCheck=0; autowireCandidate=true; primary=false; factoryBeanName=authorizationServerConfiguration; factoryMethodName=tokenStore; initMethodName=null; destroyMethodName=(inferred); defined in class path resource [com/inellipse/biumatrix/configuration/oauth2/AuthorizationServerConfiguration.class]] with [Root bean: class [null]; scope=; abstract=false; lazyInit=false; autowireMode=3; dependencyCheck=0; autowireCandidate=true; primary=false; factoryBeanName=resourceServerConfiguration; factoryMethodName=tokenStore; initMethodName=null; destroyMethodName=(inferred); defined in class path resource [com/inellipse/biumatrix/configuration/oauth2/ResourceServerConfiguration.class]]
2018-06-19 14:57:22.977 [main] INFO  o.s.b.f.s.DefaultListableBeanFactory - Overriding bean definition for bean 'accessTokenConverter' with a different definition: replacing [Root bean: class [null]; scope=; abstract=false; lazyInit=false; autowireMode=3; dependencyCheck=0; autowireCandidate=true; primary=false; factoryBeanName=authorizationServerConfiguration; factoryMethodName=accessTokenConverter; initMethodName=null; destroyMethodName=(inferred); defined in class path resource [com/inellipse/biumatrix/configuration/oauth2/AuthorizationServerConfiguration.class]] with [Root bean: class [null]; scope=; abstract=false; lazyInit=false; autowireMode=3; dependencyCheck=0; autowireCandidate=true; primary=false; factoryBeanName=resourceServerConfiguration; factoryMethodName=accessTokenConverter; initMethodName=null; destroyMethodName=(inferred); defined in class path resource [com/inellipse/biumatrix/configuration/oauth2/ResourceServerConfiguration.class]]
2018-06-19 14:57:22.977 [main] INFO  o.s.b.f.s.DefaultListableBeanFactory - Overriding bean definition for bean 'tokenServices' with a different definition: replacing [Root bean: class [null]; scope=; abstract=false; lazyInit=false; autowireMode=3; dependencyCheck=0; autowireCandidate=true; primary=true; factoryBeanName=authorizationServerConfiguration; factoryMethodName=tokenServices; initMethodName=null; destroyMethodName=(inferred); defined in class path resource [com/inellipse/biumatrix/configuration/oauth2/AuthorizationServerConfiguration.class]] with [Root bean: class [null]; scope=; abstract=false; lazyInit=false; autowireMode=3; dependencyCheck=0; autowireCandidate=true; primary=true; factoryBeanName=resourceServerConfiguration; factoryMethodName=tokenServices; initMethodName=null; destroyMethodName=(inferred); defined in class path resource [com/inellipse/biumatrix/configuration/oauth2/ResourceServerConfiguration.class]]
2018-06-19 14:57:23.790 [main] INFO  o.s.c.s.PostProcessorRegistrationDelegate$BeanPostProcessorChecker - Bean 'org.springframework.security.config.annotation.configuration.ObjectPostProcessorConfiguration' of type [org.springframework.security.config.annotation.configuration.ObjectPostProcessorConfiguration$$EnhancerBySpringCGLIB$$ea7a8ec3] is not eligible for getting processed by all BeanPostProcessors (for example: not eligible for auto-proxying)
2018-06-19 14:57:23.805 [main] INFO  o.s.c.s.PostProcessorRegistrationDelegate$BeanPostProcessorChecker - Bean 'objectPostProcessor' of type [org.springframework.security.config.annotation.configuration.AutowireBeanFactoryObjectPostProcessor] is not eligible for getting processed by all BeanPostProcessors (for example: not eligible for auto-proxying)
2018-06-19 14:57:23.809 [main] INFO  o.s.c.s.PostProcessorRegistrationDelegate$BeanPostProcessorChecker - Bean 'org.springframework.security.access.expression.method.DefaultMethodSecurityExpressionHandler@43f1bb92' of type [org.springframework.security.oauth2.provider.expression.OAuth2MethodSecurityExpressionHandler] is not eligible for getting processed by all BeanPostProcessors (for example: not eligible for auto-proxying)
2018-06-19 14:57:23.822 [main] INFO  o.s.c.s.PostProcessorRegistrationDelegate$BeanPostProcessorChecker - Bean 'globalSecurityConfiguration' of type [com.inellipse.biumatrix.configuration.oauth2.GlobalSecurityConfiguration$$EnhancerBySpringCGLIB$$931150a7] is not eligible for getting processed by all BeanPostProcessors (for example: not eligible for auto-proxying)
2018-06-19 14:57:23.833 [main] INFO  o.s.c.s.PostProcessorRegistrationDelegate$BeanPostProcessorChecker - Bean 'methodSecurityMetadataSource' of type [org.springframework.security.access.method.DelegatingMethodSecurityMetadataSource] is not eligible for getting processed by all BeanPostProcessors (for example: not eligible for auto-proxying)
2018-06-19 14:57:23.937 [main] INFO  o.s.c.s.PostProcessorRegistrationDelegate$BeanPostProcessorChecker - Bean 'security.oauth2.client-org.springframework.boot.autoconfigure.security.oauth2.OAuth2ClientProperties' of type [org.springframework.boot.autoconfigure.security.oauth2.OAuth2ClientProperties] is not eligible for getting processed by all BeanPostProcessors (for example: not eligible for auto-proxying)
2018-06-19 14:57:23.942 [main] INFO  o.s.c.s.PostProcessorRegistrationDelegate$BeanPostProcessorChecker - Bean 'org.springframework.boot.autoconfigure.security.oauth2.OAuth2AutoConfiguration' of type [org.springframework.boot.autoconfigure.security.oauth2.OAuth2AutoConfiguration$$EnhancerBySpringCGLIB$$9168289] is not eligible for getting processed by all BeanPostProcessors (for example: not eligible for auto-proxying)
2018-06-19 14:57:23.961 [main] INFO  o.s.c.s.PostProcessorRegistrationDelegate$BeanPostProcessorChecker - Bean 'resourceServerProperties' of type [org.springframework.boot.autoconfigure.security.oauth2.resource.ResourceServerProperties] is not eligible for getting processed by all BeanPostProcessors (for example: not eligible for auto-proxying)
2018-06-19 14:57:24.269 [main] INFO  o.s.b.c.e.t.TomcatEmbeddedServletContainer - Tomcat initialized with port(s): 8088 (http)
2018-06-19 14:57:24.287 [main] INFO  o.a.coyote.http11.Http11NioProtocol - Initializing ProtocolHandler ["http-nio-8088"]
2018-06-19 14:57:24.298 [main] INFO  o.a.catalina.core.StandardService - Starting service [Tomcat]
2018-06-19 14:57:24.298 [main] INFO  o.a.catalina.core.StandardEngine - Starting Servlet Engine: Apache Tomcat/8.5.31
2018-06-19 14:57:24.464 [localhost-startStop-1] INFO  o.a.c.c.C.[.[localhost].[/biumatrix] - Initializing Spring embedded WebApplicationContext
2018-06-19 14:57:24.465 [localhost-startStop-1] INFO  o.s.web.context.ContextLoader - Root WebApplicationContext: initialization completed in 2500 ms
2018-06-19 14:57:24.848 [localhost-startStop-1] INFO  o.s.b.w.s.FilterRegistrationBean - Mapping filter: 'corsFilter' to: [/*]
2018-06-19 14:57:24.849 [localhost-startStop-1] INFO  o.s.b.w.s.FilterRegistrationBean - Mapping filter: 'characterEncodingFilter' to: [/*]
2018-06-19 14:57:24.849 [localhost-startStop-1] INFO  o.s.b.w.s.FilterRegistrationBean - Mapping filter: 'hiddenHttpMethodFilter' to: [/*]
2018-06-19 14:57:24.849 [localhost-startStop-1] INFO  o.s.b.w.s.FilterRegistrationBean - Mapping filter: 'httpPutFormContentFilter' to: [/*]
2018-06-19 14:57:24.849 [localhost-startStop-1] INFO  o.s.b.w.s.FilterRegistrationBean - Mapping filter: 'requestContextFilter' to: [/*]
2018-06-19 14:57:24.850 [localhost-startStop-1] INFO  o.s.b.w.s.DelegatingFilterProxyRegistrationBean - Mapping filter: 'springSecurityFilterChain' to: [/*]
2018-06-19 14:57:24.850 [localhost-startStop-1] INFO  o.s.b.w.s.ServletRegistrationBean - Mapping servlet: 'dispatcherServlet' to [/]
2018-06-19 14:57:25.575 [main] INFO  org.mongodb.driver.cluster - Cluster created with settings {hosts=[localhost:27017], mode=MULTIPLE, requiredClusterType=UNKNOWN, serverSelectionTimeout='30000 ms', maxWaitQueueSize=500}
2018-06-19 14:57:25.576 [main] INFO  org.mongodb.driver.cluster - Adding discovered server localhost:27017 to client view of cluster
2018-06-19 14:57:25.986 [cluster-ClusterId{value='5b28fdb5a36c62627075cce7', description='null'}-localhost:27017] INFO  org.mongodb.driver.cluster - Exception in monitor thread while connecting to server localhost:27017
com.mongodb.MongoSecurityException: Exception authenticating MongoCredential{mechanism=null, userName='biumatrix', source='biumatrix', password=<hidden>, mechanismProperties={}}
	at com.mongodb.connection.SaslAuthenticator.wrapInMongoSecurityException(SaslAuthenticator.java:157)
	at com.mongodb.connection.SaslAuthenticator.access$200(SaslAuthenticator.java:37)
	at com.mongodb.connection.SaslAuthenticator$1.run(SaslAuthenticator.java:66)
	at com.mongodb.connection.SaslAuthenticator$1.run(SaslAuthenticator.java:44)
	at com.mongodb.connection.SaslAuthenticator.doAsSubject(SaslAuthenticator.java:162)
	at com.mongodb.connection.SaslAuthenticator.authenticate(SaslAuthenticator.java:44)
	at com.mongodb.connection.DefaultAuthenticator.authenticate(DefaultAuthenticator.java:32)
	at com.mongodb.connection.InternalStreamConnectionInitializer.authenticateAll(InternalStreamConnectionInitializer.java:109)
	at com.mongodb.connection.InternalStreamConnectionInitializer.initialize(InternalStreamConnectionInitializer.java:46)
	at com.mongodb.connection.InternalStreamConnection.open(InternalStreamConnection.java:116)
	at com.mongodb.connection.DefaultServerMonitor$ServerMonitorRunnable.run(DefaultServerMonitor.java:113)
	at java.lang.Thread.run(Thread.java:748)
Caused by: com.mongodb.MongoCommandException: Command failed with error 18: 'Authentication failed.' on server localhost:27017. The full response is { "ok" : 0.0, "errmsg" : "Authentication failed.", "code" : 18, "codeName" : "AuthenticationFailed" }
	at com.mongodb.connection.CommandHelper.createCommandFailureException(CommandHelper.java:170)
	at com.mongodb.connection.CommandHelper.receiveCommandResult(CommandHelper.java:123)
	at com.mongodb.connection.CommandHelper.executeCommand(CommandHelper.java:32)
	at com.mongodb.connection.SaslAuthenticator.sendSaslStart(SaslAuthenticator.java:117)
	at com.mongodb.connection.SaslAuthenticator.access$000(SaslAuthenticator.java:37)
	at com.mongodb.connection.SaslAuthenticator$1.run(SaslAuthenticator.java:50)
	... 9 common frames omitted
2018-06-19 14:57:26.286 [main] INFO  org.mongodb.driver.cluster - No server chosen by WritableServerSelector from cluster description ClusterDescription{type=UNKNOWN, connectionMode=MULTIPLE, serverDescriptions=[ServerDescription{address=localhost:27017, type=UNKNOWN, state=CONNECTING, exception={com.mongodb.MongoSecurityException: Exception authenticating MongoCredential{mechanism=null, userName='biumatrix', source='biumatrix', password=<hidden>, mechanismProperties={}}}, caused by {com.mongodb.MongoCommandException: Command failed with error 18: 'Authentication failed.' on server localhost:27017. The full response is { "ok" : 0.0, "errmsg" : "Authentication failed.", "code" : 18, "codeName" : "AuthenticationFailed" }}}]}. Waiting for 30000 ms before timing out
2018-06-19 14:57:39.383 [main] INFO  com.inellipse.biumatrix.Application - Starting Application on inellipse22 with PID 25306 (/home/stefan/Projects/biu-matrix-backend/target/classes started by stefan in /home/stefan/Projects/biu-matrix-backend)
2018-06-19 14:57:39.385 [main] INFO  com.inellipse.biumatrix.Application - The following profiles are active: dev
2018-06-19 14:57:39.481 [main] INFO  o.s.b.c.e.AnnotationConfigEmbeddedWebApplicationContext - Refreshing org.springframework.boot.context.embedded.AnnotationConfigEmbeddedWebApplicationContext@47542153: startup date [Tue Jun 19 14:57:39 CEST 2018]; root of context hierarchy
2018-06-19 14:57:39.937 [background-preinit] INFO  o.h.validator.internal.util.Version - HV000001: Hibernate Validator 5.3.6.Final
2018-06-19 14:57:40.494 [main] INFO  o.s.b.f.s.DefaultListableBeanFactory - Overriding bean definition for bean 'tokenStore' with a different definition: replacing [Root bean: class [null]; scope=; abstract=false; lazyInit=false; autowireMode=3; dependencyCheck=0; autowireCandidate=true; primary=false; factoryBeanName=authorizationServerConfiguration; factoryMethodName=tokenStore; initMethodName=null; destroyMethodName=(inferred); defined in class path resource [com/inellipse/biumatrix/configuration/oauth2/AuthorizationServerConfiguration.class]] with [Root bean: class [null]; scope=; abstract=false; lazyInit=false; autowireMode=3; dependencyCheck=0; autowireCandidate=true; primary=false; factoryBeanName=resourceServerConfiguration; factoryMethodName=tokenStore; initMethodName=null; destroyMethodName=(inferred); defined in class path resource [com/inellipse/biumatrix/configuration/oauth2/ResourceServerConfiguration.class]]
2018-06-19 14:57:40.496 [main] INFO  o.s.b.f.s.DefaultListableBeanFactory - Overriding bean definition for bean 'accessTokenConverter' with a different definition: replacing [Root bean: class [null]; scope=; abstract=false; lazyInit=false; autowireMode=3; dependencyCheck=0; autowireCandidate=true; primary=false; factoryBeanName=authorizationServerConfiguration; factoryMethodName=accessTokenConverter; initMethodName=null; destroyMethodName=(inferred); defined in class path resource [com/inellipse/biumatrix/configuration/oauth2/AuthorizationServerConfiguration.class]] with [Root bean: class [null]; scope=; abstract=false; lazyInit=false; autowireMode=3; dependencyCheck=0; autowireCandidate=true; primary=false; factoryBeanName=resourceServerConfiguration; factoryMethodName=accessTokenConverter; initMethodName=null; destroyMethodName=(inferred); defined in class path resource [com/inellipse/biumatrix/configuration/oauth2/ResourceServerConfiguration.class]]
2018-06-19 14:57:40.496 [main] INFO  o.s.b.f.s.DefaultListableBeanFactory - Overriding bean definition for bean 'tokenServices' with a different definition: replacing [Root bean: class [null]; scope=; abstract=false; lazyInit=false; autowireMode=3; dependencyCheck=0; autowireCandidate=true; primary=true; factoryBeanName=authorizationServerConfiguration; factoryMethodName=tokenServices; initMethodName=null; destroyMethodName=(inferred); defined in class path resource [com/inellipse/biumatrix/configuration/oauth2/AuthorizationServerConfiguration.class]] with [Root bean: class [null]; scope=; abstract=false; lazyInit=false; autowireMode=3; dependencyCheck=0; autowireCandidate=true; primary=true; factoryBeanName=resourceServerConfiguration; factoryMethodName=tokenServices; initMethodName=null; destroyMethodName=(inferred); defined in class path resource [com/inellipse/biumatrix/configuration/oauth2/ResourceServerConfiguration.class]]
2018-06-19 14:57:41.043 [main] INFO  o.s.c.s.PostProcessorRegistrationDelegate$BeanPostProcessorChecker - Bean 'org.springframework.security.config.annotation.configuration.ObjectPostProcessorConfiguration' of type [org.springframework.security.config.annotation.configuration.ObjectPostProcessorConfiguration$$EnhancerBySpringCGLIB$$ff530240] is not eligible for getting processed by all BeanPostProcessors (for example: not eligible for auto-proxying)
2018-06-19 14:57:41.052 [main] INFO  o.s.c.s.PostProcessorRegistrationDelegate$BeanPostProcessorChecker - Bean 'objectPostProcessor' of type [org.springframework.security.config.annotation.configuration.AutowireBeanFactoryObjectPostProcessor] is not eligible for getting processed by all BeanPostProcessors (for example: not eligible for auto-proxying)
2018-06-19 14:57:41.055 [main] INFO  o.s.c.s.PostProcessorRegistrationDelegate$BeanPostProcessorChecker - Bean 'org.springframework.security.access.expression.method.DefaultMethodSecurityExpressionHandler@16a9a4f1' of type [org.springframework.security.oauth2.provider.expression.OAuth2MethodSecurityExpressionHandler] is not eligible for getting processed by all BeanPostProcessors (for example: not eligible for auto-proxying)
2018-06-19 14:57:41.063 [main] INFO  o.s.c.s.PostProcessorRegistrationDelegate$BeanPostProcessorChecker - Bean 'globalSecurityConfiguration' of type [com.inellipse.biumatrix.configuration.oauth2.GlobalSecurityConfiguration$$EnhancerBySpringCGLIB$$a7e9c424] is not eligible for getting processed by all BeanPostProcessors (for example: not eligible for auto-proxying)
2018-06-19 14:57:41.072 [main] INFO  o.s.c.s.PostProcessorRegistrationDelegate$BeanPostProcessorChecker - Bean 'methodSecurityMetadataSource' of type [org.springframework.security.access.method.DelegatingMethodSecurityMetadataSource] is not eligible for getting processed by all BeanPostProcessors (for example: not eligible for auto-proxying)
2018-06-19 14:57:41.165 [main] INFO  o.s.c.s.PostProcessorRegistrationDelegate$BeanPostProcessorChecker - Bean 'security.oauth2.client-org.springframework.boot.autoconfigure.security.oauth2.OAuth2ClientProperties' of type [org.springframework.boot.autoconfigure.security.oauth2.OAuth2ClientProperties] is not eligible for getting processed by all BeanPostProcessors (for example: not eligible for auto-proxying)
2018-06-19 14:57:41.169 [main] INFO  o.s.c.s.PostProcessorRegistrationDelegate$BeanPostProcessorChecker - Bean 'org.springframework.boot.autoconfigure.security.oauth2.OAuth2AutoConfiguration' of type [org.springframework.boot.autoconfigure.security.oauth2.OAuth2AutoConfiguration$$EnhancerBySpringCGLIB$$1deef606] is not eligible for getting processed by all BeanPostProcessors (for example: not eligible for auto-proxying)
2018-06-19 14:57:41.184 [main] INFO  o.s.c.s.PostProcessorRegistrationDelegate$BeanPostProcessorChecker - Bean 'resourceServerProperties' of type [org.springframework.boot.autoconfigure.security.oauth2.resource.ResourceServerProperties] is not eligible for getting processed by all BeanPostProcessors (for example: not eligible for auto-proxying)
2018-06-19 14:57:41.465 [main] INFO  o.s.b.c.e.t.TomcatEmbeddedServletContainer - Tomcat initialized with port(s): 8088 (http)
2018-06-19 14:57:41.488 [main] INFO  o.a.coyote.http11.Http11NioProtocol - Initializing ProtocolHandler ["http-nio-8088"]
2018-06-19 14:57:41.503 [main] INFO  o.a.catalina.core.StandardService - Starting service [Tomcat]
2018-06-19 14:57:41.504 [main] INFO  o.a.catalina.core.StandardEngine - Starting Servlet Engine: Apache Tomcat/8.5.31
2018-06-19 14:57:41.691 [localhost-startStop-1] INFO  o.a.c.c.C.[.[localhost].[/biumatrix] - Initializing Spring embedded WebApplicationContext
2018-06-19 14:57:41.691 [localhost-startStop-1] INFO  o.s.web.context.ContextLoader - Root WebApplicationContext: initialization completed in 2218 ms
2018-06-19 14:57:41.952 [localhost-startStop-1] INFO  o.s.b.w.s.FilterRegistrationBean - Mapping filter: 'corsFilter' to: [/*]
2018-06-19 14:57:41.952 [localhost-startStop-1] INFO  o.s.b.w.s.FilterRegistrationBean - Mapping filter: 'characterEncodingFilter' to: [/*]
2018-06-19 14:57:41.953 [localhost-startStop-1] INFO  o.s.b.w.s.FilterRegistrationBean - Mapping filter: 'hiddenHttpMethodFilter' to: [/*]
2018-06-19 14:57:41.953 [localhost-startStop-1] INFO  o.s.b.w.s.FilterRegistrationBean - Mapping filter: 'httpPutFormContentFilter' to: [/*]
2018-06-19 14:57:41.953 [localhost-startStop-1] INFO  o.s.b.w.s.FilterRegistrationBean - Mapping filter: 'requestContextFilter' to: [/*]
2018-06-19 14:57:41.953 [localhost-startStop-1] INFO  o.s.b.w.s.DelegatingFilterProxyRegistrationBean - Mapping filter: 'springSecurityFilterChain' to: [/*]
2018-06-19 14:57:41.954 [localhost-startStop-1] INFO  o.s.b.w.s.ServletRegistrationBean - Mapping servlet: 'dispatcherServlet' to [/]
2018-06-19 14:57:42.268 [main] INFO  org.mongodb.driver.cluster - Cluster created with settings {hosts=[localhost:27017], mode=MULTIPLE, requiredClusterType=UNKNOWN, serverSelectionTimeout='30000 ms', maxWaitQueueSize=500}
2018-06-19 14:57:42.269 [main] INFO  org.mongodb.driver.cluster - Adding discovered server localhost:27017 to client view of cluster
2018-06-19 14:57:42.364 [cluster-ClusterId{value='5b28fdc6a36c6262da650740', description='null'}-localhost:27017] INFO  org.mongodb.driver.cluster - Exception in monitor thread while connecting to server localhost:27017
com.mongodb.MongoSecurityException: Exception authenticating MongoCredential{mechanism=null, userName='biumatrix', source='biumatrix', password=<hidden>, mechanismProperties={}}
	at com.mongodb.connection.SaslAuthenticator.wrapInMongoSecurityException(SaslAuthenticator.java:157)
	at com.mongodb.connection.SaslAuthenticator.access$200(SaslAuthenticator.java:37)
	at com.mongodb.connection.SaslAuthenticator$1.run(SaslAuthenticator.java:66)
	at com.mongodb.connection.SaslAuthenticator$1.run(SaslAuthenticator.java:44)
	at com.mongodb.connection.SaslAuthenticator.doAsSubject(SaslAuthenticator.java:162)
	at com.mongodb.connection.SaslAuthenticator.authenticate(SaslAuthenticator.java:44)
	at com.mongodb.connection.DefaultAuthenticator.authenticate(DefaultAuthenticator.java:32)
	at com.mongodb.connection.InternalStreamConnectionInitializer.authenticateAll(InternalStreamConnectionInitializer.java:109)
	at com.mongodb.connection.InternalStreamConnectionInitializer.initialize(InternalStreamConnectionInitializer.java:46)
	at com.mongodb.connection.InternalStreamConnection.open(InternalStreamConnection.java:116)
	at com.mongodb.connection.DefaultServerMonitor$ServerMonitorRunnable.run(DefaultServerMonitor.java:113)
	at java.lang.Thread.run(Thread.java:748)
Caused by: com.mongodb.MongoCommandException: Command failed with error 18: 'Authentication failed.' on server localhost:27017. The full response is { "ok" : 0.0, "errmsg" : "Authentication failed.", "code" : 18, "codeName" : "AuthenticationFailed" }
	at com.mongodb.connection.CommandHelper.createCommandFailureException(CommandHelper.java:170)
	at com.mongodb.connection.CommandHelper.receiveCommandResult(CommandHelper.java:123)
	at com.mongodb.connection.CommandHelper.executeCommand(CommandHelper.java:32)
	at com.mongodb.connection.SaslAuthenticator.sendSaslStart(SaslAuthenticator.java:117)
	at com.mongodb.connection.SaslAuthenticator.access$000(SaslAuthenticator.java:37)
	at com.mongodb.connection.SaslAuthenticator$1.run(SaslAuthenticator.java:50)
	... 9 common frames omitted
2018-06-19 14:57:42.674 [main] INFO  org.mongodb.driver.cluster - No server chosen by WritableServerSelector from cluster description ClusterDescription{type=UNKNOWN, connectionMode=MULTIPLE, serverDescriptions=[ServerDescription{address=localhost:27017, type=UNKNOWN, state=CONNECTING, exception={com.mongodb.MongoSecurityException: Exception authenticating MongoCredential{mechanism=null, userName='biumatrix', source='biumatrix', password=<hidden>, mechanismProperties={}}}, caused by {com.mongodb.MongoCommandException: Command failed with error 18: 'Authentication failed.' on server localhost:27017. The full response is { "ok" : 0.0, "errmsg" : "Authentication failed.", "code" : 18, "codeName" : "AuthenticationFailed" }}}]}. Waiting for 30000 ms before timing out
